<?xml version="1.0" encoding="UTF-8"?>
<!-- Generated by org.testng.reporters.JUnitXMLReporter -->
<testsuite ignored="0" hostname="Santosh" failures="2" tests="2" name="Regression Test" time="77.893" errors="0" timestamp="2025-12-17T21:43:13 IST">
  <testcase classname="com.companyname.tests.LoginPageTest" name="invalidLoginTest" time="0.009">
    <failure type="java.lang.NoSuchMethodError" message="&amp;apos;java.lang.String org.testng.ITestResult.id()&amp;apos;">
      <![CDATA[java.lang.NoSuchMethodError: 'java.lang.String org.testng.ITestResult.id()'
at com.aventstack.chaintest.plugins.ChainTestListener.beforeInvocation(ChainTestListener.java:108)
at java.base/java.util.concurrent.ThreadPoolExecutor.runWorker(ThreadPoolExecutor.java:1136)
at java.base/java.util.concurrent.ThreadPoolExecutor$Worker.run(ThreadPoolExecutor.java:635)
at java.base/java.lang.Thread.run(Thread.java:840)
... Removed 9 stack frames]]>
    </failure>
  </testcase> <!-- invalidLoginTest -->
  <testcase classname="com.companyname.tests.LoginPageTest" name="loginTest" time="0.001">
    <failure type="java.lang.NoSuchMethodError" message="&amp;apos;java.lang.String org.testng.ITestResult.id()&amp;apos;">
      <![CDATA[java.lang.NoSuchMethodError: 'java.lang.String org.testng.ITestResult.id()'
at com.aventstack.chaintest.plugins.ChainTestListener.beforeInvocation(ChainTestListener.java:108)
at java.base/java.util.concurrent.ThreadPoolExecutor.runWorker(ThreadPoolExecutor.java:1136)
at java.base/java.util.concurrent.ThreadPoolExecutor$Worker.run(ThreadPoolExecutor.java:635)
at java.base/java.lang.Thread.run(Thread.java:840)
... Removed 9 stack frames]]>
    </failure>
  </testcase> <!-- loginTest -->
</testsuite> <!-- Regression Test -->
